[debug] [2025-08-16T11:53:09.573Z] ----------------------------------------------------------------------
[debug] [2025-08-16T11:53:09.582Z] Command:       C:\nvm4w\nodejs\node.exe C:\Users\HP\AppData\Roaming\npm\node_modules\firebase-tools\lib\bin\firebase.js init firestore
[debug] [2025-08-16T11:53:09.582Z] CLI Version:   14.1.0
[debug] [2025-08-16T11:53:09.582Z] Platform:      win32
[debug] [2025-08-16T11:53:09.582Z] Node Version:  v20.11.1
[debug] [2025-08-16T11:53:09.582Z] Time:          Sat Aug 16 2025 17:23:09 GMT+0530 (India Standard Time)
[debug] [2025-08-16T11:53:09.583Z] ----------------------------------------------------------------------
[debug] 
[debug] [2025-08-16T11:53:09.589Z] > command requires scopes: ["email","openid","https://www.googleapis.com/auth/cloudplatformprojects.readonly","https://www.googleapis.com/auth/firebase","https://www.googleapis.com/auth/cloud-platform"]
[debug] [2025-08-16T11:53:09.590Z] > authorizing via signed-in user (abrindrarai92655@gmail.com)
[info] 
     ######## #### ########  ######## ########     ###     ######  ########
     ##        ##  ##     ## ##       ##     ##  ##   ##  ##       ##
     ######    ##  ########  ######   ########  #########  ######  ######
     ##        ##  ##    ##  ##       ##     ## ##     ##       ## ##
     ##       #### ##     ## ######## ########  ##     ##  ######  ########

You're about to initialize a Firebase project in this directory:

  C:\Users\HP\Desktop\foodsnap

[info] 
=== Project Setup
[info] 
[info] First, let's associate this project directory with a Firebase project.
[info] You can create multiple project aliases by running firebase use --add, 
[info] but for now we'll just set up a default project.
[info] 
